<?xml version="1.0" encoding="UTF-8"?>
<!-- Generated by org.testng.reporters.JUnitReportReporter -->
<testsuite hostname="FiftyFiveTech" failures="0" tests="1" name="org.myuplink.testcase.SchedulesTest" time="8.493" errors="0" timestamp="2024-12-11T12:40:47 IST" skipped="0">
  <testcase classname="org.myuplink.testcase.SchedulesTest" name="handleContinueButton" time="8.493"/>
</testsuite> <!-- org.myuplink.testcase.SchedulesTest -->
