<?xml version="1.0" encoding="UTF-8"?>
<!-- Generated by org.testng.reporters.JUnitReportReporter -->
<testsuite hostname="FiftyFiveTech" failures="0" tests="1" name="org.myuplink.testcase.LoginTest" time="12.440" errors="0" timestamp="2024-12-09T22:26:55 IST" skipped="0">
  <testcase classname="org.myuplink.testcase.LoginTest" name="testBlankUserNameAndBlankPassword" time="12.440"/>
</testsuite> <!-- org.myuplink.testcase.LoginTest -->
