<?xml version="1.0" encoding="UTF-8"?>
<!-- Generated by org.testng.reporters.JUnitReportReporter -->
<testsuite hostname="FiftyFiveTech" failures="0" tests="1" name="org.myuplink.testcase.LoginTest" time="38.337" errors="0" timestamp="2024-12-11T12:34:11 IST" skipped="0">
  <testcase classname="org.myuplink.testcase.LoginTest" name="test" time="38.337"/>
</testsuite> <!-- org.myuplink.testcase.LoginTest -->
