<?xml version="1.0" encoding="UTF-8"?>
<!-- Generated by org.testng.reporters.JUnitReportReporter -->
<testsuite hostname="FiftyFiveTech" failures="0" tests="1" name="org.myuplink.testcase.Graph" time="50.575" errors="0" timestamp="2024-04-17T12:17:53 IST" skipped="0">
  <testcase classname="org.myuplink.testcase.Graph" name="graphYearHandling" time="50.575"/>
  <system-out/>
</testsuite> <!-- org.myuplink.testcase.Graph -->
