<?xml version="1.0" encoding="UTF-8"?>
<!-- Generated by org.testng.reporters.JUnitReportReporter -->
<testsuite hostname="FiftyFiveTech" failures="0" tests="1" name="org.myuplink.testcase.HandlingNotifications" time="47.280" errors="0" timestamp="2024-04-29T17:34:14 IST" skipped="0">
  <testcase classname="org.myuplink.testcase.HandlingNotifications" name="testDisableNotifications" time="47.280"/>
  <system-out/>
</testsuite> <!-- org.myuplink.testcase.HandlingNotifications -->
