<?xml version="1.0" encoding="UTF-8"?>
<!-- Generated by org.testng.reporters.JUnitReportReporter -->
<testsuite hostname="FiftyFiveTech" failures="0" tests="4" name="org.myuplink.testcase.LoginTest" time="58.721" errors="0" timestamp="2024-11-28T21:21:34 IST" skipped="0">
  <testcase classname="org.myuplink.testcase.LoginTest" name="testInvalidFormatEmailAndCorrectPwd" time="8.658"/>
  <system-out/>
  <testcase classname="org.myuplink.testcase.LoginTest" name="testBlankUserNameAndBlankPassword" time="9.242"/>
  <system-out/>
  <testcase classname="org.myuplink.testcase.LoginTest" name="testWrongCredentials" time="22.678"/>
  <system-out/>
  <testcase classname="org.myuplink.testcase.LoginTest" name="testSuccessfulLogin" time="18.143"/>
  <system-out/>
</testsuite> <!-- org.myuplink.testcase.LoginTest -->
