<?xml version="1.0" encoding="UTF-8"?>
<!-- Generated by org.testng.reporters.JUnitReportReporter -->
<testsuite hostname="FiftyFiveTech" failures="0" tests="1" name="org.myuplink.testcase.LoginTest" time="13.035" errors="0" timestamp="2024-12-10T11:33:56 IST" skipped="0">
  <testcase classname="org.myuplink.testcase.LoginTest" name="testInvalidFormatEmailAndCorrectPwd" time="13.035"/>
</testsuite> <!-- org.myuplink.testcase.LoginTest -->
