<?xml version="1.0" encoding="UTF-8"?>
<!-- Generated by org.testng.reporters.JUnitReportReporter -->
<testsuite hostname="FiftyFiveTech" failures="0" tests="1" name="org.myuplink.testcase.Graphs" time="49.362" errors="0" timestamp="2023-11-07T16:11:52 IST" skipped="0">
  <testcase classname="org.myuplink.testcase.Graphs" name="graphHandling" time="49.362"/>
  <system-out/>
</testsuite> <!-- org.myuplink.testcase.Graphs -->
