<?xml version="1.0" encoding="UTF-8"?>
<!-- Generated by org.testng.reporters.JUnitReportReporter -->
<testsuite hostname="FiftyFiveTech" failures="0" tests="1" name="org.myuplink.testcase.Login" time="19.611" errors="0" timestamp="2024-06-14T17:58:49 IST" skipped="0">
  <testcase classname="org.myuplink.testcase.Login" name="testInvalidFormatEmailAndCorrectPwd" time="19.611"/>
  <system-out/>
</testsuite> <!-- org.myuplink.testcase.Login -->
