<?xml version="1.0" encoding="UTF-8"?>
<!-- Generated by org.testng.reporters.JUnitReportReporter -->
<testsuite hostname="FiftyFiveTech" failures="0" tests="1" name="org.myuplink.testcase.LoginTest" time="14.367" errors="0" timestamp="2024-11-28T23:21:02 IST" skipped="0">
  <testcase classname="org.myuplink.testcase.LoginTest" name="testInvalidFormatEmailAndCorrectPwd" time="14.367"/>
  <system-out/>
</testsuite> <!-- org.myuplink.testcase.LoginTest -->
