<?xml version="1.0" encoding="UTF-8"?>
<!-- Generated by org.testng.reporters.JUnitReportReporter -->
<testsuite hostname="FiftyFiveTech" failures="0" tests="3" name="org.myuplink.testcase.ForgotPassword" time="65.113" errors="0" timestamp="2023-10-05T12:01:25 IST" skipped="0">
  <testcase classname="org.myuplink.testcase.ForgotPassword" name="testBlankEmail" time="17.783"/>
  <system-out/>
  <testcase classname="org.myuplink.testcase.ForgotPassword" name="testWrongFormatEmail" time="19.690"/>
  <system-out/>
  <testcase classname="org.myuplink.testcase.ForgotPassword" name="testCorrectResetEmail" time="27.640"/>
  <system-out/>
</testsuite> <!-- org.myuplink.testcase.ForgotPassword -->
