<?xml version="1.0" encoding="UTF-8"?>
<!-- Generated by org.testng.reporters.JUnitReportReporter -->
<testsuite hostname="FiftyFiveTech" failures="0" tests="4" name="org.myuplink.testcase.LoginTest" time="45.884" errors="0" timestamp="2024-12-03T15:22:20 IST" skipped="0">
  <testcase classname="org.myuplink.testcase.LoginTest" name="testInvalidFormatEmailAndCorrectPwd" time="13.524"/>
  <testcase classname="org.myuplink.testcase.LoginTest" name="testBlankUserNameAndBlankPassword" time="7.509"/>
  <testcase classname="org.myuplink.testcase.LoginTest" name="testWrongCredentials" time="17.261"/>
  <testcase classname="org.myuplink.testcase.LoginTest" name="testSuccessfulLogin" time="7.590"/>
</testsuite> <!-- org.myuplink.testcase.LoginTest -->
