<?xml version="1.0" encoding="UTF-8"?>
<!-- Generated by org.testng.reporters.JUnitReportReporter -->
<testsuite hostname="FiftyFiveTech" failures="0" tests="4" name="org.myuplink.testcase.LoginTest" time="40.960" errors="0" timestamp="2024-12-03T16:12:29 IST" skipped="0">
  <testcase classname="org.myuplink.testcase.LoginTest" name="testInvalidFormatEmailAndCorrectPwd" time="10.474"/>
  <testcase classname="org.myuplink.testcase.LoginTest" name="testBlankUserNameAndBlankPassword" time="7.381"/>
  <testcase classname="org.myuplink.testcase.LoginTest" name="testWrongCredentials" time="17.239"/>
  <testcase classname="org.myuplink.testcase.LoginTest" name="testSuccessfulLogin" time="5.866"/>
</testsuite> <!-- org.myuplink.testcase.LoginTest -->
