<?xml version="1.0" encoding="UTF-8"?>
<!-- Generated by org.testng.reporters.JUnitReportReporter -->
<testsuite hostname="FiftyFiveTech" failures="0" tests="4" name="org.myuplink.testcase.LoginTest" time="58.405" errors="0" timestamp="2024-11-28T22:43:08 IST" skipped="0">
  <testcase classname="org.myuplink.testcase.LoginTest" name="testInvalidFormatEmailAndCorrectPwd" time="13.059"/>
  <testcase classname="org.myuplink.testcase.LoginTest" name="testBlankUserNameAndBlankPassword" time="13.053"/>
  <testcase classname="org.myuplink.testcase.LoginTest" name="testWrongCredentials" time="19.339"/>
  <testcase classname="org.myuplink.testcase.LoginTest" name="testSuccessfulLogin" time="12.954"/>
</testsuite> <!-- org.myuplink.testcase.LoginTest -->
