<?xml version="1.0" encoding="UTF-8"?>
<!-- Generated by org.testng.reporters.JUnitReportReporter -->
<testsuite hostname="FiftyFiveTech" failures="0" tests="4" name="org.myuplink.testcase.LoginTest" time="112.903" errors="0" timestamp="2025-01-16T21:36:34 IST" skipped="0">
  <testcase classname="org.myuplink.testcase.LoginTest" name="testInvalidFormatEmailAndCorrectPwd" time="26.534"/>
  <testcase classname="org.myuplink.testcase.LoginTest" name="testBlankUserNameAndBlankPassword" time="18.531"/>
  <testcase classname="org.myuplink.testcase.LoginTest" name="testWrongCredentials" time="19.419"/>
  <testcase classname="org.myuplink.testcase.LoginTest" name="testSuccessfulLogin" time="48.419"/>
</testsuite> <!-- org.myuplink.testcase.LoginTest -->
