<?xml version="1.0" encoding="UTF-8"?>
<!-- Generated by org.testng.reporters.JUnitReportReporter -->
<testsuite hostname="FiftyFiveTech" failures="0" tests="4" name="org.myuplink.testcase.LoginTest" time="57.634" errors="0" timestamp="2024-11-28T21:38:35 IST" skipped="0">
  <testcase classname="org.myuplink.testcase.LoginTest" name="testInvalidFormatEmailAndCorrectPwd" time="9.080"/>
  <testcase classname="org.myuplink.testcase.LoginTest" name="testBlankUserNameAndBlankPassword" time="10.046"/>
  <testcase classname="org.myuplink.testcase.LoginTest" name="testWrongCredentials" time="22.216"/>
  <testcase classname="org.myuplink.testcase.LoginTest" name="testSuccessfulLogin" time="16.292"/>
</testsuite> <!-- org.myuplink.testcase.LoginTest -->
