<?xml version="1.0" encoding="UTF-8"?>
<!-- Generated by org.testng.reporters.JUnitReportReporter -->
<testsuite hostname="FiftyFiveTech" failures="0" tests="4" name="org.myuplink.testcase.LoginTest" time="62.207" errors="0" timestamp="2024-11-28T21:50:44 IST" skipped="0">
  <testcase classname="org.myuplink.testcase.LoginTest" name="testInvalidFormatEmailAndCorrectPwd" time="10.378"/>
  <testcase classname="org.myuplink.testcase.LoginTest" name="testBlankUserNameAndBlankPassword" time="9.123"/>
  <testcase classname="org.myuplink.testcase.LoginTest" name="testWrongCredentials" time="21.900"/>
  <testcase classname="org.myuplink.testcase.LoginTest" name="testSuccessfulLogin" time="20.806"/>
</testsuite> <!-- org.myuplink.testcase.LoginTest -->
