<?xml version="1.0" encoding="UTF-8"?>
<!-- Generated by org.testng.reporters.JUnitReportReporter -->
<testsuite hostname="FiftyFiveTech" failures="0" tests="3" name="org.myuplink.testcase.LoginTest" time="36.473" errors="0" timestamp="2025-01-24T12:58:26 IST" skipped="0">
  <testcase classname="org.myuplink.testcase.LoginTest" name="testInvalidFormatEmailAndCorrectPwd" time="10.147"/>
  <testcase classname="org.myuplink.testcase.LoginTest" name="testBlankUserNameAndBlankPassword" time="11.150"/>
  <testcase classname="org.myuplink.testcase.LoginTest" name="testWrongCredentials" time="15.176"/>
</testsuite> <!-- org.myuplink.testcase.LoginTest -->
